<?xml version="1.0" encoding="UTF-8"?>
<!-- Generated by org.testng.reporters.JUnitXMLReporter -->
<testsuite hostname="SILICUS508" ignored="0" name="Default test" tests="3" failures="0" timestamp="26 Apr 2017 11:58:13 GMT" time="33.188" errors="0">
  <testcase name="testLoginPageIsDisplayed" time="5.094" classname="com.mycompany.demoqt.testscripts.CreateAccountAndSignInTest"/>
  <testcase name="testValidation" time="8.216" classname="com.mycompany.demoqt.testscripts.CreateAccountAndSignInTest"/>
  <testcase name="testLogIn" time="8.972" classname="com.mycompany.demoqt.testscripts.CreateAccountAndSignInTest"/>
</testsuite> <!-- Default test -->
