<?xml version="1.0" encoding="UTF-8"?>
<testng-results skipped="0" failed="0" ignored="0" total="1" passed="1">
  <reporter-output>
  </reporter-output>
  <suite name="Default suite" duration-ms="12136" started-at="2017-06-16T09:53:26Z" finished-at="2017-06-16T09:53:38Z">
    <groups>
    </groups>
    <test name="Default test" duration-ms="12136" started-at="2017-06-16T09:53:26Z" finished-at="2017-06-16T09:53:38Z">
      <class name="com.mycompany.demoqt.testscripts.DragAndDrop">
        <test-method status="PASS" signature="drag()[pri:0, instance:com.mycompany.demoqt.testscripts.DragAndDrop@68c4039c]" name="drag" duration-ms="12120" started-at="2017-06-16T15:23:26Z" finished-at="2017-06-16T15:23:38Z">
          <reporter-output>
          </reporter-output>
        </test-method> <!-- drag -->
      </class> <!-- com.mycompany.demoqt.testscripts.DragAndDrop -->
    </test> <!-- Default test -->
  </suite> <!-- Default suite -->
</testng-results>
